getProfile...
getProfile successful
getProfile...
getProfile successful
getAllAnimals...
getAllAnimals successful
queryAnimals...
queryAnimals...
getAllApplications...
getAllApplications successful
queryApplication
[Wed Mar 28 2018 06:10:49 GMT+0000 (UTC)] ERROR { Error: 
Your middleware did not return anything to the user. This normally happens when no route was matched or if the router did not reply with anything.

This won't return anything:

~~~
// BAD
server(ctx => {
  console.log('Hello world');
});
~~~

Make sure that something is returned from your middlware so a reply is sent to the user:

~~~
// GOOD:
// Return with an arrow function
server(ctx => 'Hello world');

// Return with a explicit return
server(ctx => {
  // ...
  return 'Hello world';
});

// Return a simple status code:
server(ctx => 200);
~~~

Read the full documentation for reply here:
https://serverjs.io/documentation/reply/

    at buildError (/home/ec2-user/projectf/backend/node_modules/server/error/index.js:2:17)
    at new ErrorInstance (/home/ec2-user/projectf/backend/node_modules/server/error/index.js:19:12)
    at handler (/home/ec2-user/projectf/backend/node_modules/server/plugins/final/index.js:15:21)
    at Object.middle (/home/ec2-user/projectf/backend/node_modules/server/src/join/index.js:42:27)
    at <anonymous>
    at process._tickCallback (internal/process/next_tick.js:188:7)
  status: 500,
  namespace: '/plugin/final/',
  code: '/plugin/final/noreturn',
  id: 'plugin-final-noreturn' }
queryApplication
[Wed Mar 28 2018 06:10:54 GMT+0000 (UTC)] ERROR { Error: 
Your middleware did not return anything to the user. This normally happens when no route was matched or if the router did not reply with anything.

This won't return anything:

~~~
// BAD
server(ctx => {
  console.log('Hello world');
});
~~~

Make sure that something is returned from your middlware so a reply is sent to the user:

~~~
// GOOD:
// Return with an arrow function
server(ctx => 'Hello world');

// Return with a explicit return
server(ctx => {
  // ...
  return 'Hello world';
});

// Return a simple status code:
server(ctx => 200);
~~~

Read the full documentation for reply here:
https://serverjs.io/documentation/reply/

    at buildError (/home/ec2-user/projectf/backend/node_modules/server/error/index.js:2:17)
    at new ErrorInstance (/home/ec2-user/projectf/backend/node_modules/server/error/index.js:19:12)
    at handler (/home/ec2-user/projectf/backend/node_modules/server/plugins/final/index.js:15:21)
    at Object.middle (/home/ec2-user/projectf/backend/node_modules/server/src/join/index.js:42:27)
    at <anonymous>
    at process._tickCallback (internal/process/next_tick.js:188:7)
  status: 500,
  namespace: '/plugin/final/',
  code: '/plugin/final/noreturn',
  id: 'plugin-final-noreturn' }
queryApplication
[Wed Mar 28 2018 06:12:28 GMT+0000 (UTC)] ERROR { Error: 
Your middleware did not return anything to the user. This normally happens when no route was matched or if the router did not reply with anything.

This won't return anything:

~~~
// BAD
server(ctx => {
  console.log('Hello world');
});
~~~

Make sure that something is returned from your middlware so a reply is sent to the user:

~~~
// GOOD:
// Return with an arrow function
server(ctx => 'Hello world');

// Return with a explicit return
server(ctx => {
  // ...
  return 'Hello world';
});

// Return a simple status code:
server(ctx => 200);
~~~

Read the full documentation for reply here:
https://serverjs.io/documentation/reply/

    at buildError (/home/ec2-user/projectf/backend/node_modules/server/error/index.js:2:17)
    at new ErrorInstance (/home/ec2-user/projectf/backend/node_modules/server/error/index.js:19:12)
    at handler (/home/ec2-user/projectf/backend/node_modules/server/plugins/final/index.js:15:21)
    at Object.middle (/home/ec2-user/projectf/backend/node_modules/server/src/join/index.js:42:27)
    at <anonymous>
    at process._tickCallback (internal/process/next_tick.js:188:7)
  status: 500,
  namespace: '/plugin/final/',
  code: '/plugin/final/noreturn',
  id: 'plugin-final-noreturn' }
getProfile...
getProfile successful
getAllApplications...
getAllApplications successful
getAnimal...
getAnimal successful
getAnimal...
getAnimal successful
updateAnimal...
getAllApplications...
getAllApplications successful
getSingleApplication...
getSingleApplication successful
getSingleApplication...
getSingleApplication successful
getAllApplications...
getAllApplications successful
queryLocationBreeds...
queryLocationBreeds successful
queryDeleteAnimal
getProfile...
getProfile successful
getAllAnimals...
getAllAnimals successful
queryDeleteAnimal
queryDeleteAnimal successful
getAllAnimals...
getAllAnimals successful
getAllAnimals...
getAllAnimals successful
queryAnimals...
getAllApplications...
getAllApplications successful
getSingleApplication...
getSingleApplication successful
getSingleApplication...
getSingleApplication successful
getAllApplications...
getAllApplications successful
getAnimal...
getAnimal successful
getAnimal...
getAnimal successful
updateAnimal...
getProfile...
getProfile successful
getAllAnimals...
getAllAnimals successful
getAllApplications...
getAllApplications successful
[Wed Mar 28 2018 06:47:00 GMT+0000 (UTC)] ERROR { Error: 
Your middleware did not return anything to the user. This normally happens when no route was matched or if the router did not reply with anything.

This won't return anything:

~~~
// BAD
server(ctx => {
  console.log('Hello world');
});
~~~

Make sure that something is returned from your middlware so a reply is sent to the user:

~~~
// GOOD:
// Return with an arrow function
server(ctx => 'Hello world');

// Return with a explicit return
server(ctx => {
  // ...
  return 'Hello world';
});

// Return a simple status code:
server(ctx => 200);
~~~

Read the full documentation for reply here:
https://serverjs.io/documentation/reply/

    at buildError (/home/ec2-user/projectf/backend/node_modules/server/error/index.js:2:17)
    at new ErrorInstance (/home/ec2-user/projectf/backend/node_modules/server/error/index.js:19:12)
    at handler (/home/ec2-user/projectf/backend/node_modules/server/plugins/final/index.js:15:21)
    at Object.middle (/home/ec2-user/projectf/backend/node_modules/server/src/join/index.js:42:27)
    at <anonymous>
  status: 500,
  namespace: '/plugin/final/',
  code: '/plugin/final/noreturn',
  id: 'plugin-final-noreturn' }
[Wed Mar 28 2018 06:47:00 GMT+0000 (UTC)] ERROR { Error: 
Your middleware did not return anything to the user. This normally happens when no route was matched or if the router did not reply with anything.

This won't return anything:

~~~
// BAD
server(ctx => {
  console.log('Hello world');
});
~~~

Make sure that something is returned from your middlware so a reply is sent to the user:

~~~
// GOOD:
// Return with an arrow function
server(ctx => 'Hello world');

// Return with a explicit return
server(ctx => {
  // ...
  return 'Hello world';
});

// Return a simple status code:
server(ctx => 200);
~~~

Read the full documentation for reply here:
https://serverjs.io/documentation/reply/

    at buildError (/home/ec2-user/projectf/backend/node_modules/server/error/index.js:2:17)
    at new ErrorInstance (/home/ec2-user/projectf/backend/node_modules/server/error/index.js:19:12)
    at handler (/home/ec2-user/projectf/backend/node_modules/server/plugins/final/index.js:15:21)
    at Object.middle (/home/ec2-user/projectf/backend/node_modules/server/src/join/index.js:42:27)
    at <anonymous>
  status: 500,
  namespace: '/plugin/final/',
  code: '/plugin/final/noreturn',
  id: 'plugin-final-noreturn' }
[Wed Mar 28 2018 06:47:11 GMT+0000 (UTC)] ERROR { Error: 
Your middleware did not return anything to the user. This normally happens when no route was matched or if the router did not reply with anything.

This won't return anything:

~~~
// BAD
server(ctx => {
  console.log('Hello world');
});
~~~

Make sure that something is returned from your middlware so a reply is sent to the user:

~~~
// GOOD:
// Return with an arrow function
server(ctx => 'Hello world');

// Return with a explicit return
server(ctx => {
  // ...
  return 'Hello world';
});

// Return a simple status code:
server(ctx => 200);
~~~

Read the full documentation for reply here:
https://serverjs.io/documentation/reply/

    at buildError (/home/ec2-user/projectf/backend/node_modules/server/error/index.js:2:17)
    at new ErrorInstance (/home/ec2-user/projectf/backend/node_modules/server/error/index.js:19:12)
    at handler (/home/ec2-user/projectf/backend/node_modules/server/plugins/final/index.js:15:21)
    at Object.middle (/home/ec2-user/projectf/backend/node_modules/server/src/join/index.js:42:27)
    at <anonymous>
  status: 500,
  namespace: '/plugin/final/',
  code: '/plugin/final/noreturn',
  id: 'plugin-final-noreturn' }
[Wed Mar 28 2018 06:47:11 GMT+0000 (UTC)] ERROR { Error: 
Your middleware did not return anything to the user. This normally happens when no route was matched or if the router did not reply with anything.

This won't return anything:

~~~
// BAD
server(ctx => {
  console.log('Hello world');
});
~~~

Make sure that something is returned from your middlware so a reply is sent to the user:

~~~
// GOOD:
// Return with an arrow function
server(ctx => 'Hello world');

// Return with a explicit return
server(ctx => {
  // ...
  return 'Hello world';
});

// Return a simple status code:
server(ctx => 200);
~~~

Read the full documentation for reply here:
https://serverjs.io/documentation/reply/

    at buildError (/home/ec2-user/projectf/backend/node_modules/server/error/index.js:2:17)
    at new ErrorInstance (/home/ec2-user/projectf/backend/node_modules/server/error/index.js:19:12)
    at handler (/home/ec2-user/projectf/backend/node_modules/server/plugins/final/index.js:15:21)
    at Object.middle (/home/ec2-user/projectf/backend/node_modules/server/src/join/index.js:42:27)
    at <anonymous>
  status: 500,
  namespace: '/plugin/final/',
  code: '/plugin/final/noreturn',
  id: 'plugin-final-noreturn' }
